\BOOKMARK [0][-]{chapter.1}{Executive Summary}{}% 1
\BOOKMARK [0][-]{chapter.2}{The vision}{}% 2
\BOOKMARK [0][-]{chapter.3}{Guiding principles}{}% 3
\BOOKMARK [1][-]{section.3.1}{Open Source Software}{chapter.3}% 4
\BOOKMARK [1][-]{section.3.2}{Easy to install}{chapter.3}% 5
\BOOKMARK [1][-]{section.3.3}{Well documented}{chapter.3}% 6
\BOOKMARK [1][-]{section.3.4}{Easy to extend}{chapter.3}% 7
\BOOKMARK [1][-]{section.3.5}{Multiple interfaces}{chapter.3}% 8
\BOOKMARK [1][-]{section.3.6}{Stable, widely adopted languages}{chapter.3}% 9
\BOOKMARK [1][-]{section.3.7}{Stable, widely adopted libraries}{chapter.3}% 10
\BOOKMARK [1][-]{section.3.8}{Leverage existing codes \046 algorithms}{chapter.3}% 11
\BOOKMARK [0][-]{chapter.4}{Why do we need new tools?}{}% 12
\BOOKMARK [1][-]{section.4.1}{Make science more efficient}{chapter.4}% 13
\BOOKMARK [1][-]{section.4.2}{Remove scientist dependency on IRAF}{chapter.4}% 14
\BOOKMARK [1][-]{section.4.3}{Modern programming language}{chapter.4}% 15
\BOOKMARK [1][-]{section.4.4}{Make better use of community code}{chapter.4}% 16
\BOOKMARK [1][-]{section.4.5}{Modern algorithms where relevant}{chapter.4}% 17
\BOOKMARK [1][-]{section.4.6}{Leverage advances in computer hardware}{chapter.4}% 18
\BOOKMARK [0][-]{chapter.5}{Science Use Cases}{}% 19
\BOOKMARK [1][-]{section.5.1}{Faint Galaxies}{chapter.5}% 20
\BOOKMARK [0][-]{chapter.6}{Indices and tables}{}% 21
